c:\users\khale\source\repos\project2\project2\x64\debug\vc143.pdb
c:\users\khale\source\repos\project2\project2\x64\debug\.netframework,version=v4.7.2.assemblyattributes.obj
c:\users\khale\source\repos\project2\project2\x64\debug\variables.obj
c:\users\khale\source\repos\project2\project2\x64\debug\smartmeter.obj
c:\users\khale\source\repos\project2\project2\x64\debug\read_csv.obj
c:\users\khale\source\repos\project2\project2\x64\debug\powerc.obj
c:\users\khale\source\repos\project2\project2\x64\debug\periodic.obj
c:\users\khale\source\repos\project2\project2\x64\debug\filteration.obj
c:\users\khale\source\repos\project2\project2\x64\debug\energy.obj
c:\users\khale\source\repos\project2\project2\x64\debug\alarm.obj
c:\users\khale\source\repos\project2\project2\x64\debug\powerfactor.obj
c:\users\khale\source\repos\project2\project2\x64\debug\myform.obj
c:\users\khale\source\repos\project2\x64\debug\project2.exe
c:\users\khale\source\repos\project2\x64\debug\project2.pdb
c:\users\khale\source\repos\project2\project2\x64\debug\project2.tlog\cl.command.1.tlog
c:\users\khale\source\repos\project2\project2\x64\debug\project2.tlog\cl.items.tlog
c:\users\khale\source\repos\project2\project2\x64\debug\project2.tlog\cl.read.1.tlog
c:\users\khale\source\repos\project2\project2\x64\debug\project2.tlog\cl.write.1.tlog
c:\users\khale\source\repos\project2\project2\x64\debug\project2.tlog\link.command.1.tlog
c:\users\khale\source\repos\project2\project2\x64\debug\project2.tlog\link.read.1.tlog
c:\users\khale\source\repos\project2\project2\x64\debug\project2.tlog\link.secondary.1.tlog
c:\users\khale\source\repos\project2\project2\x64\debug\project2.tlog\link.write.1.tlog
c:\users\khale\source\repos\project2\project2\x64\debug\project2.tlog\metagen.read.1.tlog
c:\users\khale\source\repos\project2\project2\x64\debug\project2.tlog\metagen.write.1.tlog
c:\users\khale\source\repos\project2\project2\x64\debug\project2.tlog\resgen.command.1.tlog
c:\users\khale\source\repos\project2\project2\x64\debug\project2.tlog\resgen.read.1.tlog
c:\users\khale\source\repos\project2\project2\x64\debug\project2.tlog\resgen.write.1.tlog
